Processing...
Done!
Processing...
Done!
Number of training graphs: 57
Number of test graphs: 73
Confusion Matrix:
[[ 2 39]
 [ 0 32]]
AUC: 0.524390243902439
Recall: 1.0
Precision: 0.4507042253521127
F1 score: 0.6213592233009708
Sensitivity: 1.0
Specificity: 0.4507042253521127
Epoch: 000, Train Acc: 0.5263, Train Loss: 0.6642, Test Acc: 0.4658, Test Loss: 1.1848
Confusion Matrix:
[[ 5 36]
 [ 0 32]]
AUC: 0.5609756097560976
Recall: 1.0
Precision: 0.47058823529411764
F1 score: 0.6399999999999999
Sensitivity: 1.0
Specificity: 0.47058823529411764
Epoch: 001, Train Acc: 0.5263, Train Loss: 0.8006, Test Acc: 0.5068, Test Loss: 0.7061
Confusion Matrix:
[[40  1]
 [25  7]]
AUC: 0.5971798780487805
Recall: 0.21875
Precision: 0.875
F1 score: 0.35
Sensitivity: 0.6153846153846154
Specificity: 0.875
Epoch: 002, Train Acc: 0.6316, Train Loss: 0.5139, Test Acc: 0.6438, Test Loss: 0.6137
Confusion Matrix:
[[28 13]
 [ 2 30]]
AUC: 0.8102134146341462
Recall: 0.9375
Precision: 0.6976744186046512
F1 score: 0.8000000000000002
Sensitivity: 0.9333333333333333
Specificity: 0.6976744186046512
Epoch: 003, Train Acc: 0.7193, Train Loss: 0.5842, Test Acc: 0.7945, Test Loss: 0.5489
Confusion Matrix:
[[18 23]
 [ 1 31]]
AUC: 0.7038871951219512
Recall: 0.96875
Precision: 0.5740740740740741
F1 score: 0.7209302325581396
Sensitivity: 0.9473684210526315
Specificity: 0.5740740740740741
Epoch: 004, Train Acc: 0.9123, Train Loss: 0.4403, Test Acc: 0.6712, Test Loss: 0.5586
Confusion Matrix:
[[15 26]
 [ 1 31]]
AUC: 0.6673018292682926
Recall: 0.96875
Precision: 0.543859649122807
F1 score: 0.6966292134831461
Sensitivity: 0.9375
Specificity: 0.543859649122807
Epoch: 005, Train Acc: 0.8421, Train Loss: 0.3664, Test Acc: 0.6301, Test Loss: 0.5964
Confusion Matrix:
[[18 23]
 [ 1 31]]
AUC: 0.7038871951219512
Recall: 0.96875
Precision: 0.5740740740740741
F1 score: 0.7209302325581396
Sensitivity: 0.9473684210526315
Specificity: 0.5740740740740741
Epoch: 006, Train Acc: 0.8070, Train Loss: 0.3426, Test Acc: 0.6712, Test Loss: 0.5895
Confusion Matrix:
[[25 16]
 [ 2 30]]
AUC: 0.7736280487804879
Recall: 0.9375
Precision: 0.6521739130434783
F1 score: 0.7692307692307693
Sensitivity: 0.9259259259259259
Specificity: 0.6521739130434783
Epoch: 007, Train Acc: 0.8596, Train Loss: 0.3068, Test Acc: 0.7534, Test Loss: 0.5325
Confusion Matrix:
[[29 12]
 [ 2 30]]
AUC: 0.8224085365853658
Recall: 0.9375
Precision: 0.7142857142857143
F1 score: 0.8108108108108109
Sensitivity: 0.9354838709677419
Specificity: 0.7142857142857143
Epoch: 008, Train Acc: 0.8947, Train Loss: 0.2608, Test Acc: 0.8082, Test Loss: 0.4641
Confusion Matrix:
[[32  9]
 [ 4 28]]
AUC: 0.8277439024390244
Recall: 0.875
Precision: 0.7567567567567568
F1 score: 0.8115942028985507
Sensitivity: 0.8888888888888888
Specificity: 0.7567567567567568
Epoch: 009, Train Acc: 0.9123, Train Loss: 0.2224, Test Acc: 0.8219, Test Loss: 0.4208
Confusion Matrix:
[[34  7]
 [ 5 27]]
AUC: 0.8365091463414633
Recall: 0.84375
Precision: 0.7941176470588235
F1 score: 0.8181818181818182
Sensitivity: 0.8717948717948718
Specificity: 0.7941176470588235
Epoch: 010, Train Acc: 0.9123, Train Loss: 0.2021, Test Acc: 0.8356, Test Loss: 0.4202
Confusion Matrix:
[[33  8]
 [ 4 28]]
AUC: 0.8399390243902439
Recall: 0.875
Precision: 0.7777777777777778
F1 score: 0.823529411764706
Sensitivity: 0.8918918918918919
Specificity: 0.7777777777777778
Epoch: 011, Train Acc: 0.9298, Train Loss: 0.1919, Test Acc: 0.8356, Test Loss: 0.4462
Confusion Matrix:
[[32  9]
 [ 4 28]]
AUC: 0.8277439024390244
Recall: 0.875
Precision: 0.7567567567567568
F1 score: 0.8115942028985507
Sensitivity: 0.8888888888888888
Specificity: 0.7567567567567568
Epoch: 012, Train Acc: 0.9123, Train Loss: 0.1653, Test Acc: 0.8219, Test Loss: 0.5043
Confusion Matrix:
[[32  9]
 [ 4 28]]
AUC: 0.8277439024390244
Recall: 0.875
Precision: 0.7567567567567568
F1 score: 0.8115942028985507
Sensitivity: 0.8888888888888888
Specificity: 0.7567567567567568
Epoch: 013, Train Acc: 0.9123, Train Loss: 0.1617, Test Acc: 0.8219, Test Loss: 0.5512
Confusion Matrix:
[[34  7]
 [ 5 27]]
AUC: 0.8365091463414633
Recall: 0.84375
Precision: 0.7941176470588235
F1 score: 0.8181818181818182
Sensitivity: 0.8717948717948718
Specificity: 0.7941176470588235
Epoch: 014, Train Acc: 0.9123, Train Loss: 0.1646, Test Acc: 0.8356, Test Loss: 0.5581
Confusion Matrix:
[[34  7]
 [ 5 27]]
AUC: 0.8365091463414633
Recall: 0.84375
Precision: 0.7941176470588235
F1 score: 0.8181818181818182
Sensitivity: 0.8717948717948718
Specificity: 0.7941176470588235
Epoch: 015, Train Acc: 0.9298, Train Loss: 0.1577, Test Acc: 0.8356, Test Loss: 0.5850
Confusion Matrix:
[[33  8]
 [ 4 28]]
AUC: 0.8399390243902439
Recall: 0.875
Precision: 0.7777777777777778
F1 score: 0.823529411764706
Sensitivity: 0.8918918918918919
Specificity: 0.7777777777777778
Epoch: 016, Train Acc: 0.9123, Train Loss: 0.1578, Test Acc: 0.8356, Test Loss: 0.6427
Confusion Matrix:
[[32  9]
 [ 4 28]]
AUC: 0.8277439024390244
Recall: 0.875
Precision: 0.7567567567567568
F1 score: 0.8115942028985507
Sensitivity: 0.8888888888888888
Specificity: 0.7567567567567568
Epoch: 017, Train Acc: 0.9298, Train Loss: 0.1634, Test Acc: 0.8219, Test Loss: 0.6752
Confusion Matrix:
[[33  8]
 [ 4 28]]
AUC: 0.8399390243902439
Recall: 0.875
Precision: 0.7777777777777778
F1 score: 0.823529411764706
Sensitivity: 0.8918918918918919
Specificity: 0.7777777777777778
Epoch: 018, Train Acc: 0.8947, Train Loss: 0.1679, Test Acc: 0.8356, Test Loss: 0.6680
Confusion Matrix:
[[35  6]
 [ 5 27]]
AUC: 0.848704268292683
Recall: 0.84375
Precision: 0.8181818181818182
F1 score: 0.8307692307692308
Sensitivity: 0.875
Specificity: 0.8181818181818182
Epoch: 019, Train Acc: 0.9123, Train Loss: 0.1566, Test Acc: 0.8493, Test Loss: 0.6390
Confusion Matrix:
[[34  7]
 [ 5 27]]
AUC: 0.8365091463414633
Recall: 0.84375
Precision: 0.7941176470588235
F1 score: 0.8181818181818182
Sensitivity: 0.8717948717948718
Specificity: 0.7941176470588235
Epoch: 020, Train Acc: 0.9123, Train Loss: 0.1684, Test Acc: 0.8356, Test Loss: 0.6461
Confusion Matrix:
[[34  7]
 [ 4 28]]
AUC: 0.8521341463414633
Recall: 0.875
Precision: 0.8
F1 score: 0.8358208955223881
Sensitivity: 0.8947368421052632
Specificity: 0.8
Epoch: 021, Train Acc: 0.9123, Train Loss: 0.1571, Test Acc: 0.8493, Test Loss: 0.6642
Confusion Matrix:
[[33  8]
 [ 4 28]]
AUC: 0.8399390243902439
Recall: 0.875
Precision: 0.7777777777777778
F1 score: 0.823529411764706
Sensitivity: 0.8918918918918919
Specificity: 0.7777777777777778
Epoch: 022, Train Acc: 0.8947, Train Loss: 0.1700, Test Acc: 0.8356, Test Loss: 0.6807
Confusion Matrix:
[[34  7]
 [ 4 28]]
AUC: 0.8521341463414633
Recall: 0.875
Precision: 0.8
F1 score: 0.8358208955223881
Sensitivity: 0.8947368421052632
Specificity: 0.8
Epoch: 023, Train Acc: 0.9123, Train Loss: 0.1555, Test Acc: 0.8493, Test Loss: 0.6564
Confusion Matrix:
[[34  7]
 [ 4 28]]
AUC: 0.8521341463414633
Recall: 0.875
Precision: 0.8
F1 score: 0.8358208955223881
Sensitivity: 0.8947368421052632
Specificity: 0.8
Epoch: 024, Train Acc: 0.9123, Train Loss: 0.1741, Test Acc: 0.8493, Test Loss: 0.6431
Confusion Matrix:
[[33  8]
 [ 4 28]]
AUC: 0.8399390243902439
Recall: 0.875
Precision: 0.7777777777777778
F1 score: 0.823529411764706
Sensitivity: 0.8918918918918919
Specificity: 0.7777777777777778
Epoch: 025, Train Acc: 0.9123, Train Loss: 0.1615, Test Acc: 0.8356, Test Loss: 0.6458
Confusion Matrix:
[[33  8]
 [ 4 28]]
AUC: 0.8399390243902439
Recall: 0.875
Precision: 0.7777777777777778
F1 score: 0.823529411764706
Sensitivity: 0.8918918918918919
Specificity: 0.7777777777777778
Epoch: 026, Train Acc: 0.9123, Train Loss: 0.1516, Test Acc: 0.8356, Test Loss: 0.6572
Confusion Matrix:
[[33  8]
 [ 4 28]]
AUC: 0.8399390243902439
Recall: 0.875
Precision: 0.7777777777777778
F1 score: 0.823529411764706
Sensitivity: 0.8918918918918919
Specificity: 0.7777777777777778
Epoch: 027, Train Acc: 0.8947, Train Loss: 0.1635, Test Acc: 0.8356, Test Loss: 0.6356
Confusion Matrix:
[[34  7]
 [ 5 27]]
AUC: 0.8365091463414633
Recall: 0.84375
Precision: 0.7941176470588235
F1 score: 0.8181818181818182
Sensitivity: 0.8717948717948718
Specificity: 0.7941176470588235
Epoch: 028, Train Acc: 0.9123, Train Loss: 0.1579, Test Acc: 0.8356, Test Loss: 0.5912
Confusion Matrix:
[[34  7]
 [ 5 27]]
AUC: 0.8365091463414633
Recall: 0.84375
Precision: 0.7941176470588235
F1 score: 0.8181818181818182
Sensitivity: 0.8717948717948718
Specificity: 0.7941176470588235
Epoch: 029, Train Acc: 0.8947, Train Loss: 0.1595, Test Acc: 0.8356, Test Loss: 0.5787
Confusion Matrix:
[[34  7]
 [ 5 27]]
AUC: 0.8365091463414633
Recall: 0.84375
Precision: 0.7941176470588235
F1 score: 0.8181818181818182
Sensitivity: 0.8717948717948718
Specificity: 0.7941176470588235
Epoch: 030, Train Acc: 0.9123, Train Loss: 0.1609, Test Acc: 0.8356, Test Loss: 0.5794
Confusion Matrix:
[[34  7]
 [ 5 27]]
AUC: 0.8365091463414633
Recall: 0.84375
Precision: 0.7941176470588235
F1 score: 0.8181818181818182
Sensitivity: 0.8717948717948718
Specificity: 0.7941176470588235
Epoch: 031, Train Acc: 0.9298, Train Loss: 0.1677, Test Acc: 0.8356, Test Loss: 0.5825
Confusion Matrix:
[[34  7]
 [ 4 28]]
AUC: 0.8521341463414633
Recall: 0.875
Precision: 0.8
F1 score: 0.8358208955223881
Sensitivity: 0.8947368421052632
Specificity: 0.8
Epoch: 032, Train Acc: 0.9123, Train Loss: 0.1661, Test Acc: 0.8493, Test Loss: 0.5876
Confusion Matrix:
[[34  7]
 [ 4 28]]
AUC: 0.8521341463414633
Recall: 0.875
Precision: 0.8
F1 score: 0.8358208955223881
Sensitivity: 0.8947368421052632
Specificity: 0.8
Epoch: 033, Train Acc: 0.9123, Train Loss: 0.1630, Test Acc: 0.8493, Test Loss: 0.5942
Confusion Matrix:
[[33  8]
 [ 4 28]]
AUC: 0.8399390243902439
Recall: 0.875
Precision: 0.7777777777777778
F1 score: 0.823529411764706
Sensitivity: 0.8918918918918919
Specificity: 0.7777777777777778
Epoch: 034, Train Acc: 0.8947, Train Loss: 0.1598, Test Acc: 0.8356, Test Loss: 0.6006
Confusion Matrix:
[[33  8]
 [ 4 28]]
AUC: 0.8399390243902439
Recall: 0.875
Precision: 0.7777777777777778
F1 score: 0.823529411764706
Sensitivity: 0.8918918918918919
Specificity: 0.7777777777777778
Epoch: 035, Train Acc: 0.8947, Train Loss: 0.1570, Test Acc: 0.8356, Test Loss: 0.6069
Confusion Matrix:
[[33  8]
 [ 4 28]]
AUC: 0.8399390243902439
Recall: 0.875
Precision: 0.7777777777777778
F1 score: 0.823529411764706
Sensitivity: 0.8918918918918919
Specificity: 0.7777777777777778
Epoch: 036, Train Acc: 0.9123, Train Loss: 0.1537, Test Acc: 0.8356, Test Loss: 0.6121
Confusion Matrix:
[[33  8]
 [ 4 28]]
AUC: 0.8399390243902439
Recall: 0.875
Precision: 0.7777777777777778
F1 score: 0.823529411764706
Sensitivity: 0.8918918918918919
Specificity: 0.7777777777777778
Epoch: 037, Train Acc: 0.9123, Train Loss: 0.1726, Test Acc: 0.8356, Test Loss: 0.6168
Confusion Matrix:
[[33  8]
 [ 4 28]]
AUC: 0.8399390243902439
Recall: 0.875
Precision: 0.7777777777777778
F1 score: 0.823529411764706
Sensitivity: 0.8918918918918919
Specificity: 0.7777777777777778
Epoch: 038, Train Acc: 0.9123, Train Loss: 0.1565, Test Acc: 0.8356, Test Loss: 0.6190
Confusion Matrix:
[[32  9]
 [ 4 28]]
AUC: 0.8277439024390244
Recall: 0.875
Precision: 0.7567567567567568
F1 score: 0.8115942028985507
Sensitivity: 0.8888888888888888
Specificity: 0.7567567567567568
Epoch: 039, Train Acc: 0.8947, Train Loss: 0.1894, Test Acc: 0.8219, Test Loss: 0.6186
Confusion Matrix:
[[33  8]
 [ 4 28]]
AUC: 0.8399390243902439
Recall: 0.875
Precision: 0.7777777777777778
F1 score: 0.823529411764706
Sensitivity: 0.8918918918918919
Specificity: 0.7777777777777778
Epoch: 040, Train Acc: 0.8947, Train Loss: 0.1706, Test Acc: 0.8356, Test Loss: 0.6154
Confusion Matrix:
[[33  8]
 [ 4 28]]
AUC: 0.8399390243902439
Recall: 0.875
Precision: 0.7777777777777778
F1 score: 0.823529411764706
Sensitivity: 0.8918918918918919
Specificity: 0.7777777777777778
Epoch: 041, Train Acc: 0.8947, Train Loss: 0.1561, Test Acc: 0.8356, Test Loss: 0.6087
Confusion Matrix:
[[33  8]
 [ 4 28]]
AUC: 0.8399390243902439
Recall: 0.875
Precision: 0.7777777777777778
F1 score: 0.823529411764706
Sensitivity: 0.8918918918918919
Specificity: 0.7777777777777778
Epoch: 042, Train Acc: 0.9123, Train Loss: 0.1434, Test Acc: 0.8356, Test Loss: 0.6018
Confusion Matrix:
[[33  8]
 [ 4 28]]
AUC: 0.8399390243902439
Recall: 0.875
Precision: 0.7777777777777778
F1 score: 0.823529411764706
Sensitivity: 0.8918918918918919
Specificity: 0.7777777777777778
Epoch: 043, Train Acc: 0.9123, Train Loss: 0.1526, Test Acc: 0.8356, Test Loss: 0.5936
Confusion Matrix:
[[33  8]
 [ 4 28]]
AUC: 0.8399390243902439
Recall: 0.875
Precision: 0.7777777777777778
F1 score: 0.823529411764706
Sensitivity: 0.8918918918918919
Specificity: 0.7777777777777778
Epoch: 044, Train Acc: 0.9123, Train Loss: 0.1499, Test Acc: 0.8356, Test Loss: 0.5858
Confusion Matrix:
[[33  8]
 [ 4 28]]
AUC: 0.8399390243902439
Recall: 0.875
Precision: 0.7777777777777778
F1 score: 0.823529411764706
Sensitivity: 0.8918918918918919
Specificity: 0.7777777777777778
Epoch: 045, Train Acc: 0.9123, Train Loss: 0.1676, Test Acc: 0.8356, Test Loss: 0.5808
Confusion Matrix:
[[34  7]
 [ 4 28]]
AUC: 0.8521341463414633
Recall: 0.875
Precision: 0.8
F1 score: 0.8358208955223881
Sensitivity: 0.8947368421052632
Specificity: 0.8
Epoch: 046, Train Acc: 0.9474, Train Loss: 0.1573, Test Acc: 0.8493, Test Loss: 0.5768
Confusion Matrix:
[[34  7]
 [ 4 28]]
AUC: 0.8521341463414633
Recall: 0.875
Precision: 0.8
F1 score: 0.8358208955223881
Sensitivity: 0.8947368421052632
Specificity: 0.8
Epoch: 047, Train Acc: 0.8947, Train Loss: 0.1616, Test Acc: 0.8493, Test Loss: 0.5733
Confusion Matrix:
[[34  7]
 [ 4 28]]
AUC: 0.8521341463414633
Recall: 0.875
Precision: 0.8
F1 score: 0.8358208955223881
Sensitivity: 0.8947368421052632
Specificity: 0.8
Epoch: 048, Train Acc: 0.8947, Train Loss: 0.1644, Test Acc: 0.8493, Test Loss: 0.5714
Confusion Matrix:
[[34  7]
 [ 4 28]]
AUC: 0.8521341463414633
Recall: 0.875
Precision: 0.8
F1 score: 0.8358208955223881
Sensitivity: 0.8947368421052632
Specificity: 0.8
Epoch: 049, Train Acc: 0.9123, Train Loss: 0.1580, Test Acc: 0.8493, Test Loss: 0.5705
Confusion Matrix:
[[34  7]
 [ 4 28]]
AUC: 0.8521341463414633
Recall: 0.875
Precision: 0.8
F1 score: 0.8358208955223881
Sensitivity: 0.8947368421052632
Specificity: 0.8
Epoch: 050, Train Acc: 0.9123, Train Loss: 0.1553, Test Acc: 0.8493, Test Loss: 0.5704
Confusion Matrix:
[[33  8]
 [ 4 28]]
AUC: 0.8399390243902439
Recall: 0.875
Precision: 0.7777777777777778
F1 score: 0.823529411764706
Sensitivity: 0.8918918918918919
Specificity: 0.7777777777777778
Epoch: 051, Train Acc: 0.9298, Train Loss: 0.1619, Test Acc: 0.8356, Test Loss: 0.5728
Confusion Matrix:
[[33  8]
 [ 4 28]]
AUC: 0.8399390243902439
Recall: 0.875
Precision: 0.7777777777777778
F1 score: 0.823529411764706
Sensitivity: 0.8918918918918919
Specificity: 0.7777777777777778
Epoch: 052, Train Acc: 0.9123, Train Loss: 0.1525, Test Acc: 0.8356, Test Loss: 0.5751
Confusion Matrix:
[[33  8]
 [ 4 28]]
AUC: 0.8399390243902439
Recall: 0.875
Precision: 0.7777777777777778
F1 score: 0.823529411764706
Sensitivity: 0.8918918918918919
Specificity: 0.7777777777777778
Epoch: 053, Train Acc: 0.9298, Train Loss: 0.1514, Test Acc: 0.8356, Test Loss: 0.5781
Confusion Matrix:
[[33  8]
 [ 4 28]]
AUC: 0.8399390243902439
Recall: 0.875
Precision: 0.7777777777777778
F1 score: 0.823529411764706
Sensitivity: 0.8918918918918919
Specificity: 0.7777777777777778
Epoch: 054, Train Acc: 0.8947, Train Loss: 0.1599, Test Acc: 0.8356, Test Loss: 0.5796
Confusion Matrix:
[[33  8]
 [ 4 28]]
AUC: 0.8399390243902439
Recall: 0.875
Precision: 0.7777777777777778
F1 score: 0.823529411764706
Sensitivity: 0.8918918918918919
Specificity: 0.7777777777777778
Epoch: 055, Train Acc: 0.9123, Train Loss: 0.1509, Test Acc: 0.8356, Test Loss: 0.5793
Confusion Matrix:
[[33  8]
 [ 4 28]]
AUC: 0.8399390243902439
Recall: 0.875
Precision: 0.7777777777777778
F1 score: 0.823529411764706
Sensitivity: 0.8918918918918919
Specificity: 0.7777777777777778
Epoch: 056, Train Acc: 0.9298, Train Loss: 0.1437, Test Acc: 0.8356, Test Loss: 0.5781
Confusion Matrix:
[[33  8]
 [ 4 28]]
AUC: 0.8399390243902439
Recall: 0.875
Precision: 0.7777777777777778
F1 score: 0.823529411764706
Sensitivity: 0.8918918918918919
Specificity: 0.7777777777777778
Epoch: 057, Train Acc: 0.8947, Train Loss: 0.1732, Test Acc: 0.8356, Test Loss: 0.5748
Confusion Matrix:
[[33  8]
 [ 4 28]]
AUC: 0.8399390243902439
Recall: 0.875
Precision: 0.7777777777777778
F1 score: 0.823529411764706
Sensitivity: 0.8918918918918919
Specificity: 0.7777777777777778
Epoch: 058, Train Acc: 0.9298, Train Loss: 0.1518, Test Acc: 0.8356, Test Loss: 0.5713
Confusion Matrix:
[[33  8]
 [ 4 28]]
AUC: 0.8399390243902439
Recall: 0.875
Precision: 0.7777777777777778
F1 score: 0.823529411764706
Sensitivity: 0.8918918918918919
Specificity: 0.7777777777777778
Epoch: 059, Train Acc: 0.8947, Train Loss: 0.1656, Test Acc: 0.8356, Test Loss: 0.5672
