We are processing slide /bigdata/projects/beidi/dataset/urine/slide_benign/BD22-15965.svs
Vendor is: aperio
Pixel size of X in um is: 0.261324
Pixel size of Y in um is: 0.261324
(66280, 79422)
saved tile:  311
did not saved tile:  4759
We are processing slide /bigdata/projects/beidi/dataset/urine/slide_benign/BD22-16108.svs
Vendor is: aperio
Pixel size of X in um is: 0.261324
Pixel size of Y in um is: 0.261324
(50887, 49939)
saved tile:  1639
did not saved tile:  8161
We are processing slide /bigdata/projects/beidi/dataset/urine/slide_benign/BD22-16177.svs
Vendor is: aperio
Pixel size of X in um is: 0.261324
Pixel size of Y in um is: 0.261324
(50885, 49937)
saved tile:  2090
did not saved tile:  7710
We are processing slide /bigdata/projects/beidi/dataset/urine/slide_benign/BD22-15956.svs
Vendor is: aperio
Pixel size of X in um is: 0.261324
Pixel size of Y in um is: 0.261324
(66269, 83104)
saved tile:  88
did not saved tile:  5242
We are processing slide /bigdata/projects/beidi/dataset/urine/slide_benign/BD22-15957.svs
Vendor is: aperio
Pixel size of X in um is: 0.261324
Pixel size of Y in um is: 0.261324
(66278, 81266)
saved tile:  337
did not saved tile:  4863
We are processing slide /bigdata/projects/beidi/dataset/urine/slide_benign/BD22-15959.svs
Vendor is: aperio
Pixel size of X in um is: 0.261324
Pixel size of Y in um is: 0.261324
(66274, 81263)
saved tile:  54
did not saved tile:  5146
We are processing slide /bigdata/projects/beidi/dataset/urine/slide_benign/BD22-15962.svs
Vendor is: aperio
Pixel size of X in um is: 0.261324
Pixel size of Y in um is: 0.261324
(64074, 79424)
saved tile:  432
did not saved tile:  4482
We are processing slide /bigdata/projects/beidi/dataset/urine/slide_benign/BD22-16110.svs
Vendor is: aperio
Pixel size of X in um is: 0.261324
Pixel size of Y in um is: 0.261324
(64071, 83112)
saved tile:  1853
did not saved tile:  3313
We are processing slide /bigdata/projects/beidi/dataset/urine/slide_benign/BD22-15490.svs
Vendor is: aperio
Pixel size of X in um is: 0.261324
Pixel size of Y in um is: 0.261324
(57478, 64678)
saved tile:  9449
did not saved tile:  4902
We are processing slide /bigdata/projects/beidi/dataset/urine/slide_benign/BD22-15960.svs
Vendor is: aperio
Pixel size of X in um is: 0.261324
Pixel size of Y in um is: 0.261324
(64045, 83092)
saved tile:  35
did not saved tile:  5131
We are processing slide /bigdata/projects/beidi/dataset/urine/slide_benign/BD22-15963.svs
Vendor is: aperio
Pixel size of X in um is: 0.261324
Pixel size of Y in um is: 0.261324
(65178, 79152)
saved tile:  35
did not saved tile:  4957
We are processing slide /bigdata/projects/beidi/dataset/urine/slide_benign/BD22-15403.svs
Vendor is: aperio
Pixel size of X in um is: 0.261324
Pixel size of Y in um is: 0.261324
(55276, 62837)
saved tile:  680
did not saved tile:  12604
We are processing slide /bigdata/projects/beidi/dataset/urine/slide_benign/BD22-15393.svs
Vendor is: aperio
Pixel size of X in um is: 0.261324
Pixel size of Y in um is: 0.261324
(57488, 57303)
saved tile:  10858
did not saved tile:  1798
We are processing slide /bigdata/projects/beidi/dataset/urine/slide_benign/BD22-15392.svs
Vendor is: aperio
Pixel size of X in um is: 0.261324
Pixel size of Y in um is: 0.261324
(53079, 57308)
saved tile:  10762
did not saved tile:  886
We are processing slide /bigdata/projects/beidi/dataset/urine/slide_benign/BD22-15391.svs
Vendor is: aperio
Pixel size of X in um is: 0.261324
Pixel size of Y in um is: 0.261324
(53081, 59155)
saved tile:  404
did not saved tile:  11660
We are processing slide /bigdata/projects/beidi/dataset/urine/slide_benign/BD22-15326.svs
Vendor is: aperio
Pixel size of X in um is: 0.261324
Pixel size of Y in um is: 0.261324
(57491, 59153)
saved tile:  11689
did not saved tile:  1419
We are processing slide /bigdata/projects/beidi/dataset/urine/slide_benign/BD22-15324.svs
Vendor is: aperio
Pixel size of X in um is: 0.261324
Pixel size of Y in um is: 0.261324
(57488, 57304)
saved tile:  10100
did not saved tile:  2556
We are processing slide /bigdata/projects/beidi/dataset/urine/slide_benign/BD22-15488.svs
Vendor is: aperio
Pixel size of X in um is: 0.261324
Pixel size of Y in um is: 0.261324
(55274, 60989)
saved tile:  3920
did not saved tile:  9040
We are processing slide /bigdata/projects/beidi/dataset/urine/slide_benign/BD22-15487.svs
Vendor is: aperio
Pixel size of X in um is: 0.261324
Pixel size of Y in um is: 0.261324
(55278, 62838)
saved tile:  6150
did not saved tile:  7134
We are processing slide /bigdata/projects/beidi/dataset/urine/slide_benign/BD22-15486.svs
Vendor is: aperio
Pixel size of X in um is: 0.261324
Pixel size of Y in um is: 0.261324
(59677, 66517)
saved tile:  120
did not saved tile:  3715
We are processing slide /bigdata/projects/beidi/dataset/urine/slide_benign/BD22-15663.svs
Vendor is: aperio
Pixel size of X in um is: 0.261324
Pixel size of Y in um is: 0.261324
(55279, 60993)
saved tile:  5338
did not saved tile:  7622
We are processing slide /bigdata/projects/beidi/dataset/urine/slide_benign/BD22-15510.svs
Vendor is: aperio
Pixel size of X in um is: 0.261324
Pixel size of Y in um is: 0.261324
(55275, 62836)
saved tile:  10911
did not saved tile:  2373
We are processing slide /bigdata/projects/beidi/dataset/urine/slide_benign/BD22-15506.svs
Vendor is: aperio
Pixel size of X in um is: 0.261324
Pixel size of Y in um is: 0.261324
(64088, 64668)
saved tile:  2304
did not saved tile:  13698
We are processing slide /bigdata/projects/beidi/dataset/urine/slide_benign/BD22-15493.svs
Vendor is: aperio
Pixel size of X in um is: 0.261324
Pixel size of Y in um is: 0.261324
(55282, 57305)
saved tile:  816
did not saved tile:  11280
We are processing slide /bigdata/projects/beidi/dataset/urine/slide_benign/BD22-15492.svs
Vendor is: aperio
Pixel size of X in um is: 0.261324
Pixel size of Y in um is: 0.261324
(57486, 60993)
saved tile:  493
did not saved tile:  13067
We are processing slide /bigdata/projects/beidi/dataset/urine/slide_benign/BD22-15491.svs
Vendor is: aperio
Pixel size of X in um is: 0.261324
Pixel size of Y in um is: 0.261324
(57469, 63089)
saved tile:  100
did not saved tile:  13912
We are processing slide /bigdata/projects/beidi/dataset/urine/slide_benign/BD22-15489.svs
Vendor is: aperio
Pixel size of X in um is: 0.261324
Pixel size of Y in um is: 0.261324
(57484, 57299)
saved tile:  533
did not saved tile:  12123
We are processing slide /bigdata/projects/beidi/dataset/urine/slide_benign/BD22-15801.svs
Vendor is: aperio
Pixel size of X in um is: 0.261324
Pixel size of Y in um is: 0.261324
(50882, 49934)
saved tile:  1233
did not saved tile:  8567
We are processing slide /bigdata/projects/beidi/dataset/urine/slide_benign/BD22-15809.svs
Vendor is: aperio
Pixel size of X in um is: 0.261324
Pixel size of Y in um is: 0.261324
(50888, 49940)
saved tile:  1079
did not saved tile:  8721
We are processing slide /bigdata/projects/beidi/dataset/urine/slide_benign/BD22-15302.svs
Vendor is: aperio
Pixel size of X in um is: 0.261324
Pixel size of Y in um is: 0.261324
(50881, 49933)
saved tile:  5072
did not saved tile:  4728
We are processing slide /bigdata/projects/beidi/dataset/urine/slide_benign/BD22-16107.svs
Vendor is: aperio
Pixel size of X in um is: 0.261324
Pixel size of Y in um is: 0.261324
(50885, 49937)
saved tile:  4803
did not saved tile:  4997
We are processing slide /bigdata/projects/beidi/dataset/urine/slide_benign/BD22-15799.svs
Vendor is: aperio
Pixel size of X in um is: 0.261324
Pixel size of Y in um is: 0.261324
(50883, 49935)
saved tile:  8924
did not saved tile:  876
We are processing slide /bigdata/projects/beidi/dataset/urine/slide_benign/BD22-15728.svs
Vendor is: aperio
Pixel size of X in um is: 0.261324
Pixel size of Y in um is: 0.261324
(50883, 49935)
saved tile:  9111
did not saved tile:  689
We are processing slide /bigdata/projects/beidi/dataset/urine/slide_benign/BD22-16180.svs
Vendor is: aperio
Pixel size of X in um is: 0.261324
Pixel size of Y in um is: 0.261324
(50883, 49935)
saved tile:  9120
did not saved tile:  680
We are processing slide /bigdata/projects/beidi/dataset/urine/slide_benign/BD22-15797.svs
Vendor is: aperio
Pixel size of X in um is: 0.261324
Pixel size of Y in um is: 0.261324
(50882, 49934)
saved tile:  8818
did not saved tile:  982
We are processing slide /bigdata/projects/beidi/dataset/urine/slide_benign/BD22-15307.svs
Vendor is: aperio
Pixel size of X in um is: 0.261324
Pixel size of Y in um is: 0.261324
(50884, 49936)
saved tile:  4801
did not saved tile:  4999
We are processing slide /bigdata/projects/beidi/dataset/urine/slide_benign/BD22-15805.svs
Vendor is: aperio
Pixel size of X in um is: 0.261324
Pixel size of Y in um is: 0.261324
(50884, 49936)
saved tile:  6044
did not saved tile:  3756
We are processing slide /bigdata/projects/beidi/dataset/urine/slide_benign/BD22-15730.svs
Vendor is: aperio
Pixel size of X in um is: 0.261324
Pixel size of Y in um is: 0.261324
(50883, 49935)
saved tile:  7158
did not saved tile:  2642
We are processing slide /bigdata/projects/beidi/dataset/urine/slide_benign/BD22-15808.svs
Vendor is: aperio
Pixel size of X in um is: 0.261324
Pixel size of Y in um is: 0.261324
(50882, 49934)
saved tile:  8477
did not saved tile:  1323
We are processing slide /bigdata/projects/beidi/dataset/urine/slide_benign/BD22-15327.svs
Vendor is: aperio
Pixel size of X in um is: 0.261324
Pixel size of Y in um is: 0.261324
(49742, 49569)
saved tile:  11
did not saved tile:  9495
We are processing slide /bigdata/projects/beidi/dataset/urine/slide_benign/BD22-15328.svs
Vendor is: aperio
Pixel size of X in um is: 0.261324
Pixel size of Y in um is: 0.261324
(49742, 49569)
saved tile:  23
did not saved tile:  9483
We are processing slide /bigdata/projects/beidi/dataset/urine/slide_benign/BD22-15480.svs
Vendor is: aperio
Pixel size of X in um is: 0.261324
Pixel size of Y in um is: 0.261324
(50782, 49832)
saved tile:  1345
did not saved tile:  8455
We are processing slide /bigdata/projects/beidi/dataset/urine/slide_benign/BD22-15483.svs
Vendor is: aperio
Pixel size of X in um is: 0.261324
Pixel size of Y in um is: 0.261324
(49742, 49569)
saved tile:  4
did not saved tile:  9502
We are processing slide /bigdata/projects/beidi/dataset/urine/slide_benign/BD22-15729.svs
Vendor is: aperio
Pixel size of X in um is: 0.261324
Pixel size of Y in um is: 0.261324
(50883, 49935)
saved tile:  3207
did not saved tile:  6593
We are processing slide /bigdata/projects/beidi/dataset/urine/slide_benign/BD22-15732.svs
Vendor is: aperio
Pixel size of X in um is: 0.261324
Pixel size of Y in um is: 0.261324
(49742, 49569)
saved tile:  1
did not saved tile:  9505
We are processing slide /bigdata/projects/beidi/dataset/urine/slide_benign/BD22-15800.svs
Vendor is: aperio
Pixel size of X in um is: 0.261324
Pixel size of Y in um is: 0.261324
(50883, 49935)
saved tile:  8324
did not saved tile:  1476
We are processing slide /bigdata/projects/beidi/dataset/urine/slide_benign/BD22-15804.svs
Vendor is: aperio
Pixel size of X in um is: 0.261324
Pixel size of Y in um is: 0.261324
(50883, 49935)
saved tile:  5009
did not saved tile:  4791
We are processing slide /bigdata/projects/beidi/dataset/urine/slide_benign/BD22-15807.svs
Vendor is: aperio
Pixel size of X in um is: 0.261324
Pixel size of Y in um is: 0.261324
(49742, 49569)
saved tile:  58
did not saved tile:  9448
We are processing slide /bigdata/projects/beidi/dataset/urine/slide_benign/BD22-15867.svs
Vendor is: aperio
Pixel size of X in um is: 0.261324
Pixel size of Y in um is: 0.261324
(50883, 49935)
saved tile:  1663
did not saved tile:  8137
We are processing slide /bigdata/projects/beidi/dataset/urine/slide_benign/BD22-15868.svs
Vendor is: aperio
Pixel size of X in um is: 0.261324
Pixel size of Y in um is: 0.261324
(50884, 49936)
saved tile:  3591
did not saved tile:  6209
We are processing slide /bigdata/projects/beidi/dataset/urine/slide_benign/BD22-15966.svs
Vendor is: aperio
Pixel size of X in um is: 0.261324
Pixel size of Y in um is: 0.261324
(50884, 49936)
saved tile:  2785
did not saved tile:  7015
We are processing slide /bigdata/projects/beidi/dataset/urine/slide_benign/BD22-16109.svs
Vendor is: aperio
Pixel size of X in um is: 0.261324
Pixel size of Y in um is: 0.261324
(50877, 49929)
saved tile:  471
did not saved tile:  9329
We are processing slide /bigdata/projects/beidi/dataset/urine/slide_benign/BD22-16181.svs
Vendor is: aperio
Pixel size of X in um is: 0.261324
Pixel size of Y in um is: 0.261324
(50881, 49933)
saved tile:  6541
did not saved tile:  3259
We are processing slide /bigdata/projects/beidi/dataset/urine/slide_benign/BD22-15958.svs
Vendor is: aperio
Pixel size of X in um is: 0.261324
Pixel size of Y in um is: 0.261324
(66272, 83106)
saved tile:  295
did not saved tile:  5035
We are processing slide /bigdata/projects/beidi/dataset/urine/slide_benign/BD22-15964.svs
Vendor is: aperio
Pixel size of X in um is: 0.261324
Pixel size of Y in um is: 0.261324
(65178, 80781)
saved tile:  32
did not saved tile:  5024
